Exporter version: 5.6.2, Blender version: 2.79 (sub 0)
========= Conversion from Blender to Babylon.js =========
	Scene settings used:
		selected layers only:  false
		inline textures:  false
		Positions Precision :  4
		Normals Precision   :  3
		UVs Precision       :  3
		Vert Color Precision:  3
		Mat Weight Precision:  2
		texture directory:  C:\Users\steve\Documents\GIT Projects\Ampthink Basketball\public\babylon\assets\Layout\
	Python World class constructor completed
	WARNING: No active camera has been assigned, or is not in a currently selected Blender layer
	processing begun of mesh:  ArenaLights_Large
		processing begun of Standard material:  ArenaLights_Large
		num positions      :  32
		num normals        :  32
		num uvs            :  64
		num uvs2           :  0
		num colors         :  0
		num indices        :  48
	processing begun of mesh:  ArenaLights_Small
		processing begun of Standard material:  ArenaLights_Small
		num positions      :  384
		num normals        :  384
		num uvs            :  768
		num uvs2           :  0
		num colors         :  0
		num indices        :  576
========= Writing of scene file started =========
========= Writing of scene file completed =========
========= end of processing =========
elapsed time:  0 min, 0.0737 secs
