Exporter version: 5.6.2, Blender version: 2.79 (sub 0)
========= Conversion from Blender to Babylon.js =========
	Scene settings used:
		selected layers only:  false
		inline textures:  false
		Positions Precision :  4
		Normals Precision   :  3
		UVs Precision       :  3
		Vert Color Precision:  3
		Mat Weight Precision:  2
		texture directory:  C:\Users\steve\Documents\GIT Projects\Ampthink Basketball\public\babylon\assets\Layout\
	Python World class constructor completed
	WARNING: No active camera has been assigned, or is not in a currently selected Blender layer
	processing begun of mesh:  SeatGroup_Corner_Low.002
		processing begun of Standard material:  Layout
		num positions      :  2620
		num normals        :  2620
		num uvs            :  5240
		num uvs2           :  0
		num colors         :  10480
		num indices        :  4320
	processing begun of mesh:  SeatGroup_Corner_Low.001
		registered as also a user of material:  Layout
		num positions      :  2620
		num normals        :  2620
		num uvs            :  5240
		num uvs2           :  0
		num colors         :  10480
		num indices        :  4320
	processing begun of mesh:  SeatGroup_Corner_Low.000
		registered as also a user of material:  Layout
		num positions      :  2620
		num normals        :  2620
		num uvs            :  5240
		num uvs2           :  0
		num colors         :  10480
		num indices        :  4320
	processing begun of mesh:  SeatGroup_Low.007
		registered as also a user of material:  Layout
		num positions      :  1634
		num normals        :  1634
		num uvs            :  3268
		num uvs2           :  0
		num colors         :  6536
		num indices        :  2700
	processing begun of mesh:  SeatGroup_Low.006
		registered as also a user of material:  Layout
		num positions      :  1634
		num normals        :  1634
		num uvs            :  3268
		num uvs2           :  0
		num colors         :  6536
		num indices        :  2700
	processing begun of mesh:  SeatGroup_Low.004
		registered as also a user of material:  Layout
		num positions      :  1634
		num normals        :  1634
		num uvs            :  3268
		num uvs2           :  0
		num colors         :  6536
		num indices        :  2700
	processing begun of mesh:  SeatGroup_Low.003
		registered as also a user of material:  Layout
		num positions      :  1634
		num normals        :  1634
		num uvs            :  3268
		num uvs2           :  0
		num colors         :  6536
		num indices        :  2700
	processing begun of mesh:  SeatGroup_Low.002
		registered as also a user of material:  Layout
		num positions      :  1634
		num normals        :  1634
		num uvs            :  3268
		num uvs2           :  0
		num colors         :  6536
		num indices        :  2700
	processing begun of mesh:  SeatGroup_Low.001
		registered as also a user of material:  Layout
		num positions      :  1634
		num normals        :  1634
		num uvs            :  3268
		num uvs2           :  0
		num colors         :  6536
		num indices        :  2700
	processing begun of mesh:  SeatGroup_Low.000
		registered as also a user of material:  Layout
		num positions      :  1634
		num normals        :  1634
		num uvs            :  3268
		num uvs2           :  0
		num colors         :  6536
		num indices        :  2700
	processing begun of mesh:  SeatGroup_Low.054
		registered as also a user of material:  Layout
		num positions      :  1634
		num normals        :  1634
		num uvs            :  3268
		num uvs2           :  0
		num colors         :  6536
		num indices        :  2700
	processing begun of mesh:  SeatGroup_Corner_Low.006
		registered as also a user of material:  Layout
		num positions      :  2620
		num normals        :  2620
		num uvs            :  5240
		num uvs2           :  0
		num colors         :  10480
		num indices        :  4320
========= Writing of scene file started =========
========= Writing of scene file completed =========
========= end of processing =========
elapsed time:  0 min, 1.6321 secs
